0 info it worked if it ends with ok
1 verbose cli [ 'node', '/usr/local/bin/npm', 'remove', '-g', 'grunt' ]
2 info using npm@2.14.2
3 info using node@v0.12.7
4 verbose node symlink /usr/local/bin/node
5 verbose unbuild lib/node_modules/grunt
6 info preuninstall grunt@0.4.5
7 info uninstall grunt@0.4.5
8 verbose unbuild rmStuff grunt@0.4.5 from /usr/local/lib/node_modules
9 info postuninstall grunt@0.4.5
10 silly gentlyRm /usr/local/lib/node_modules/grunt is being purged from base /usr/local
11 verbose gentlyRm don't care about contents; nuking /usr/local/lib/node_modules/grunt
12 silly vacuum-fs purging /usr/local/lib/node_modules/grunt
13 verbose stack Error: EACCES, unlink '/usr/local/lib/node_modules/grunt/.npmignore'
13 verbose stack     at Error (native)
14 verbose cwd /Users/mcasal/Documents/BootwebApps/ClimAPP
15 error Darwin 14.5.0
16 error argv "node" "/usr/local/bin/npm" "remove" "-g" "grunt"
17 error node v0.12.7
18 error npm  v2.14.2
19 error path /usr/local/lib/node_modules/grunt/.npmignore
20 error code EACCES
21 error errno -13
22 error Error: EACCES, unlink '/usr/local/lib/node_modules/grunt/.npmignore'
22 error     at Error (native)
22 error  { [Error: EACCES, unlink '/usr/local/lib/node_modules/grunt/.npmignore']
22 error   errno: -13,
22 error   code: 'EACCES',
22 error   path: '/usr/local/lib/node_modules/grunt/.npmignore' }
23 error Please try running this command again as root/Administrator.
24 verbose exit [ -13, true ]
